<?xml version="1.0" encoding="UTF-8"?>
<!-- Generated by org.testng.reporters.JUnitXMLReporter -->
<testsuite hostname="Sirelis-PC" ignored="0" name="Div Cal Test" tests="8" failures="0" timestamp="08 лип. 2018 22:55:25 GMT" time="0.004" errors="0">
  <testcase name="doubleOneDivTwoTest" time="0.0" classname="com.epam.cdp.cal.tests.testng.DivCalTest"/>
  <testcase name="doubleOneDivTwoTest" time="0.0" classname="com.epam.cdp.cal.tests.testng.DivCalTest"/>
  <testcase name="doubleOneDivTwoTest" time="0.001" classname="com.epam.cdp.cal.tests.testng.DivCalTest"/>
  <testcase name="doubleOneDivTwoTest" time="0.0" classname="com.epam.cdp.cal.tests.testng.DivCalTest"/>
  <testcase name="oneDivTwoTest" time="0.0" classname="com.epam.cdp.cal.tests.testng.DivCalTest"/>
  <testcase name="oneDivTwoTest" time="0.0" classname="com.epam.cdp.cal.tests.testng.DivCalTest"/>
  <testcase name="oneDivTwoTest" time="0.0" classname="com.epam.cdp.cal.tests.testng.DivCalTest"/>
  <testcase name="oneDivTwoTest" time="0.0" classname="com.epam.cdp.cal.tests.testng.DivCalTest"/>
</testsuite> <!-- Div Cal Test -->
