<?xml version="1.0" encoding="UTF-8"?>
<!-- Generated by org.testng.reporters.JUnitXMLReporter -->
<testsuite hostname="Sirelis-PC" ignored="0" name="IsNegative Cal Test" tests="4" failures="0" timestamp="08 лип. 2018 22:55:25 GMT" time="0.002" errors="0">
  <testcase name="IsNegativeTest" time="0.0" classname="com.epam.cdp.cal.tests.testng.IsNegativeCalTest"/>
  <testcase name="IsNegativeTest" time="0.0" classname="com.epam.cdp.cal.tests.testng.IsNegativeCalTest"/>
  <testcase name="IsNegativeTest" time="0.0" classname="com.epam.cdp.cal.tests.testng.IsNegativeCalTest"/>
  <testcase name="IsNegativeTest" time="0.0" classname="com.epam.cdp.cal.tests.testng.IsNegativeCalTest"/>
</testsuite> <!-- IsNegative Cal Test -->
