<?xml version="1.0" encoding="UTF-8"?>
<!-- Generated by org.testng.reporters.JUnitXMLReporter -->
<testsuite hostname="Sirelis-PC" ignored="0" name="Mult Cal Test" tests="8" failures="1" timestamp="08 лип. 2018 22:55:25 GMT" time="0.014" errors="0">
  <testcase name="doubleOneMultTwoTest" time="0.001" classname="com.epam.cdp.cal.tests.testng.MultCalTest">
    <failure type="java.lang.AssertionError" message="Invalid result of mult operation! expected [4.5] but found [4.0]">
      <![CDATA[java.lang.AssertionError: Invalid result of mult operation! expected [4.5] but found [4.0]
at com.epam.cdp.cal.tests.testng.MultCalTest.doubleOneMultTwoTest(MultCalTest.java:27)
at com.epam.cdp.cal.Runner.main(Runner.java:26)
... Removed 27 stack frames]]>
    </failure>
  </testcase> <!-- doubleOneMultTwoTest -->
  <testcase name="doubleOneMultTwoTest" time="0.0" classname="com.epam.cdp.cal.tests.testng.MultCalTest"/>
  <testcase name="doubleOneMultTwoTest" time="0.0" classname="com.epam.cdp.cal.tests.testng.MultCalTest"/>
  <testcase name="doubleOneMultTwoTest" time="0.0" classname="com.epam.cdp.cal.tests.testng.MultCalTest"/>
  <testcase name="oneMultTwoTest" time="0.0" classname="com.epam.cdp.cal.tests.testng.MultCalTest"/>
  <testcase name="oneMultTwoTest" time="0.001" classname="com.epam.cdp.cal.tests.testng.MultCalTest"/>
  <testcase name="oneMultTwoTest" time="0.0" classname="com.epam.cdp.cal.tests.testng.MultCalTest"/>
  <testcase name="oneMultTwoTest" time="0.0" classname="com.epam.cdp.cal.tests.testng.MultCalTest"/>
</testsuite> <!-- Mult Cal Test -->
