<?xml version="1.0" encoding="UTF-8"?>
<!-- Generated by org.testng.reporters.JUnitXMLReporter -->
<testsuite hostname="Sirelis-PC" ignored="0" name="Sqrt Cal Test" tests="4" failures="0" timestamp="08 лип. 2018 22:55:25 GMT" time="0.002" errors="0">
  <testcase name="SqrtTest" time="0.0" classname="com.epam.cdp.cal.tests.testng.SqrtCalTest"/>
  <testcase name="SqrtTest" time="0.0" classname="com.epam.cdp.cal.tests.testng.SqrtCalTest"/>
  <testcase name="SqrtTest" time="0.001" classname="com.epam.cdp.cal.tests.testng.SqrtCalTest"/>
  <testcase name="SqrtTest" time="0.0" classname="com.epam.cdp.cal.tests.testng.SqrtCalTest"/>
</testsuite> <!-- Sqrt Cal Test -->
