<?xml version="1.0" encoding="UTF-8"?>
<!-- Generated by org.testng.reporters.JUnitXMLReporter -->
<testsuite hostname="Sirelis-PC" ignored="0" name="Sum Cal Test" tests="9" failures="0" timestamp="08 лип. 2018 22:55:25 GMT" time="0.011" errors="0">
  <testcase name="doubleOnePlusTwoTest" time="0.0" classname="com.epam.cdp.cal.tests.testng.SumCalTest"/>
  <testcase name="doubleOnePlusTwoTest" time="0.0" classname="com.epam.cdp.cal.tests.testng.SumCalTest"/>
  <testcase name="doubleOnePlusTwoTest" time="0.0" classname="com.epam.cdp.cal.tests.testng.SumCalTest"/>
  <testcase name="doubleOnePlusTwoTest" time="0.0" classname="com.epam.cdp.cal.tests.testng.SumCalTest"/>
  <testcase name="doubleOnePlusTwoTest" time="0.0" classname="com.epam.cdp.cal.tests.testng.SumCalTest"/>
  <testcase name="onePlusTwoTest" time="0.0" classname="com.epam.cdp.cal.tests.testng.SumCalTest"/>
  <testcase name="onePlusTwoTest" time="0.0" classname="com.epam.cdp.cal.tests.testng.SumCalTest"/>
  <testcase name="onePlusTwoTest" time="0.0" classname="com.epam.cdp.cal.tests.testng.SumCalTest"/>
  <testcase name="onePlusTwoTest" time="0.0" classname="com.epam.cdp.cal.tests.testng.SumCalTest"/>
</testsuite> <!-- Sum Cal Test -->
