<?xml version="1.0" encoding="UTF-8"?>
<!-- Generated by org.testng.reporters.JUnitXMLReporter -->
<testsuite hostname="DESKTOP-EU5RSED" ignored="0" name="Div Cal Test" tests="8" failures="0" timestamp="2019-08-20T20:42:18 GMT+04:00" time="0.008" errors="0">
  <testcase name="doubleOneDivTwoTest" time="0.0" classname="com.epam.cdp.tests.testng.DivCalTest"/>
  <testcase name="doubleOneDivTwoTest" time="0.0" classname="com.epam.cdp.tests.testng.DivCalTest"/>
  <testcase name="doubleOneDivTwoTest" time="0.0" classname="com.epam.cdp.tests.testng.DivCalTest"/>
  <testcase name="doubleOneDivTwoTest" time="0.0" classname="com.epam.cdp.tests.testng.DivCalTest"/>
  <testcase name="oneDivTwoTest" time="0.0" classname="com.epam.cdp.tests.testng.DivCalTest"/>
  <testcase name="oneDivTwoTest" time="0.0" classname="com.epam.cdp.tests.testng.DivCalTest"/>
  <testcase name="oneDivTwoTest" time="0.0" classname="com.epam.cdp.tests.testng.DivCalTest"/>
  <testcase name="oneDivTwoTest" time="0.0" classname="com.epam.cdp.tests.testng.DivCalTest"/>
</testsuite> <!-- Div Cal Test -->
