<?xml version="1.0" encoding="UTF-8"?>
<!-- Generated by org.testng.reporters.JUnitXMLReporter -->
<testsuite hostname="DESKTOP-EU5RSED" ignored="0" name="Div Cal Test" tests="8" failures="0" timestamp="2019-08-19T15:51:39 GMT+04:00" time="0.0" errors="0">
  <testcase name="doubleOneDivTwoTest" time="0.0" classname="com.epam.cdp.tests.DivCalTest"/>
  <testcase name="doubleOneDivTwoTest" time="0.0" classname="com.epam.cdp.tests.DivCalTest"/>
  <testcase name="doubleOneDivTwoTest" time="0.0" classname="com.epam.cdp.tests.DivCalTest"/>
  <testcase name="doubleOneDivTwoTest" time="0.0" classname="com.epam.cdp.tests.DivCalTest"/>
  <testcase name="oneDivTwoTest" time="0.0" classname="com.epam.cdp.tests.DivCalTest"/>
  <testcase name="oneDivTwoTest" time="0.0" classname="com.epam.cdp.tests.DivCalTest"/>
  <testcase name="oneDivTwoTest" time="0.0" classname="com.epam.cdp.tests.DivCalTest"/>
  <testcase name="oneDivTwoTest" time="0.0" classname="com.epam.cdp.tests.DivCalTest"/>
</testsuite> <!-- Div Cal Test -->
