<?xml version="1.0" encoding="UTF-8"?>
<!-- Generated by org.testng.reporters.JUnitXMLReporter -->
<testsuite hostname="DESKTOP-EU5RSED" ignored="0" name="IsPositive Cal Test" tests="4" failures="0" timestamp="2019-08-19T15:51:40 GMT+04:00" time="0.0" errors="0">
  <testcase name="IsPositiveTest" time="0.0" classname="com.epam.cdp.tests.IsPositiveCalTest"/>
  <testcase name="IsPositiveTest" time="0.0" classname="com.epam.cdp.tests.IsPositiveCalTest"/>
  <testcase name="IsPositiveTest" time="0.0" classname="com.epam.cdp.tests.IsPositiveCalTest"/>
  <testcase name="IsPositiveTest" time="0.0" classname="com.epam.cdp.tests.IsPositiveCalTest"/>
</testsuite> <!-- IsPositive Cal Test -->
