<?xml version="1.0" encoding="UTF-8"?>
<!-- Generated by org.testng.reporters.JUnitXMLReporter -->
<testsuite hostname="DESKTOP-EU5RSED" ignored="0" name="Pow Cal Test" tests="4" failures="1" timestamp="2019-08-20T20:42:19 GMT+04:00" time="0.004" errors="0">
  <testcase name="PowTest" time="0.0" classname="com.epam.cdp.tests.testng.PowCalTest"/>
  <testcase name="PowTest" time="0.0" classname="com.epam.cdp.tests.testng.PowCalTest">
    <failure type="java.lang.AssertionError" message="Invalid result of pow operation! did not expect to find [2.0] but found [0.0625]">
      <![CDATA[java.lang.AssertionError: Invalid result of pow operation! did not expect to find [2.0] but found [0.0625]
at com.epam.cdp.tests.testng.PowCalTest.PowTest(PowCalTest.java:11)
at java.util.ArrayList.forEach(ArrayList.java:1257)
at com.epam.cdp.tests.testng.Runner.main(Runner.java:24)
... Removed 28 stack frames]]>
    </failure>
  </testcase> <!-- PowTest -->
  <testcase name="PowTest" time="0.0" classname="com.epam.cdp.tests.testng.PowCalTest"/>
  <testcase name="PowTest" time="0.0" classname="com.epam.cdp.tests.testng.PowCalTest"/>
</testsuite> <!-- Pow Cal Test -->
