<?xml version="1.0" encoding="UTF-8"?>
<!-- Generated by org.testng.reporters.JUnitXMLReporter -->
<testsuite hostname="DESKTOP-EU5RSED" ignored="0" name="Sqrt Cal Test" tests="4" failures="0" timestamp="2019-08-19T15:51:41 GMT+04:00" time="0.0" errors="0">
  <testcase name="SqrtTest" time="0.0" classname="com.epam.cdp.tests.SqrtCalTest"/>
  <testcase name="SqrtTest" time="0.0" classname="com.epam.cdp.tests.SqrtCalTest"/>
  <testcase name="SqrtTest" time="0.0" classname="com.epam.cdp.tests.SqrtCalTest"/>
  <testcase name="SqrtTest" time="0.0" classname="com.epam.cdp.tests.SqrtCalTest"/>
</testsuite> <!-- Sqrt Cal Test -->
