<?xml version="1.0" encoding="UTF-8"?>
<!-- Generated by org.testng.reporters.JUnitXMLReporter -->
<testsuite hostname="DESKTOP-EU5RSED" ignored="0" name="Sum Cal Test" tests="4" failures="0" timestamp="2019-08-19T15:51:38 GMT+04:00" time="0.0" errors="0">
  <testcase name="onePlusTwo" time="0.0" classname="com.epam.cdp.tests.SumCalTest"/>
  <testcase name="onePlusTwo" time="0.0" classname="com.epam.cdp.tests.SumCalTest"/>
  <testcase name="onePlusTwo" time="0.0" classname="com.epam.cdp.tests.SumCalTest"/>
  <testcase name="onePlusTwo" time="0.0" classname="com.epam.cdp.tests.SumCalTest"/>
</testsuite> <!-- Sum Cal Test -->
